2016/10/11 15:26:06 にビルドを開始しました。
     1>ノード 2 上のプロジェクト "C:\Users\takayan\Desktop\対戦型RPG-Git\IEX2010.vcxproj" (Build ターゲット)。
     1>ClCompile:
         C:\Program Files (x86)\Microsoft Visual Studio 12.0\VC\bin\CL.exe /c /I./IEX/ /I./SOURCE/ /ZI /nologo /W3 /WX- /Od /Oy- /D WIN32 /D _DEBUG /D _WINDOWS /D _MBCS /Gm /EHsc /MTd /GS /fp:precise /Zc:wchar_t /Zc:forScope /Fo"Debug\\" /Fd"Debug\vc120.pdb" /Gd /TP /analyze- /errorReport:prompt source\SocketClient.cpp
         SocketClient.cpp
       Link:
         C:\Program Files (x86)\Microsoft Visual Studio 12.0\VC\bin\link.exe /ERRORREPORT:PROMPT /OUT:"C:\Users\takayan\Desktop\対戦型RPG-Git\Debug\IEX2010.exe" /INCREMENTAL /NOLOGO kernel32.lib user32.lib gdi32.lib winspool.lib comdlg32.lib advapi32.lib shell32.lib ole32.lib oleaut32.lib uuid.lib odbc32.lib odbccp32.lib /NODEFAULTLIB:libcmt.lib /MANIFEST /ManifestFile:"Debug\IEX2010.exe.intermediate.manifest" /MANIFESTUAC:"level='asInvoker' uiAccess='false'" /DEBUG /PDB:"C:\Users\takayan\Desktop\対戦型RPG-Git\Debug\IEX2010.pdb" /SUBSYSTEM:WINDOWS /TLBID:1 /DYNAMICBASE:NO /IMPLIB:"C:\Users\takayan\Desktop\対戦型RPG-Git\Debug\IEX2010.lib" /MACHINE:X86 /SAFESEH:NO Debug\BaseChara.obj
         Debug\Collision.obj
         Debug\Enemy.obj
         Debug\GameParam.obj
         Debug\Player.obj
         Debug\PlayerManager.obj
         Debug\Singleton.obj
         Debug\Camera.obj
         Debug\DrawShape.obj
         Debug\GameManager.obj
         Debug\GlobalFunction.obj
         Debug\sceneMain.obj
         Debug\SocketClient.obj
         Debug\Framework.obj
         Debug\System.obj
         Debug\WinMain.obj
         Debug\IEX_2DObject.obj
         Debug\IEX_3DObject.obj
         Debug\IEX_Audio.obj
         Debug\IEX_Direct3D.obj
         Debug\IEX_Input.obj
         Debug\IEX_Light.obj
         Debug\IEX_Math.obj
         Debug\IEX_Mesh.obj
         Debug\IEX_Particle.obj
         Debug\IEX_Polygon.obj
         Debug\IEX_RenderState.obj
         Debug\IEX_Shader.obj
         Debug\IEX_SkinMesh.obj
         Debug\IEX_System.obj
         Debug\IEX_Texture.obj
         Debug\IEX_View.obj
         Debug\TImerUI.obj
         Debug\UDPServer.obj
         Debug\UIManager.obj
         IEX2010.vcxproj -> C:\Users\takayan\Desktop\対戦型RPG-Git\Debug\IEX2010.exe
       Manifest:
         C:\Program Files (x86)\Windows Kits\8.1\bin\x86\mt.exe /nologo /verbose /out:"C:\Users\takayan\Desktop\対戦型RPG-Git\Debug\IEX2010.exe.manifest" /manifest Debug\IEX2010.exe.intermediate.manifest
     1>プロジェクト "C:\Users\takayan\Desktop\対戦型RPG-Git\IEX2010.vcxproj" (Build ターゲット) のビルドが完了しました。

ビルドに成功しました。

経過時間 00:00:01.09
