c:\users\takayan\desktop\対戦型rpg-git\debug\vc120.pdb
c:\users\takayan\desktop\対戦型rpg-git\debug\vc120.idb
c:\users\takayan\desktop\対戦型rpg-git\debug\framework.obj
c:\users\takayan\desktop\対戦型rpg-git\debug\system.obj
c:\users\takayan\desktop\対戦型rpg-git\debug\winmain.obj
c:\users\takayan\desktop\対戦型rpg-git\debug\iex_2dobject.obj
c:\users\takayan\desktop\対戦型rpg-git\debug\iex_3dobject.obj
c:\users\takayan\desktop\対戦型rpg-git\debug\iex_audio.obj
c:\users\takayan\desktop\対戦型rpg-git\debug\iex_direct3d.obj
c:\users\takayan\desktop\対戦型rpg-git\debug\iex_input.obj
c:\users\takayan\desktop\対戦型rpg-git\debug\iex_light.obj
c:\users\takayan\desktop\対戦型rpg-git\debug\iex_math.obj
c:\users\takayan\desktop\対戦型rpg-git\debug\iex_mesh.obj
c:\users\takayan\desktop\対戦型rpg-git\debug\iex_particle.obj
c:\users\takayan\desktop\対戦型rpg-git\debug\iex_polygon.obj
c:\users\takayan\desktop\対戦型rpg-git\debug\iex_renderstate.obj
c:\users\takayan\desktop\対戦型rpg-git\debug\iex_shader.obj
c:\users\takayan\desktop\対戦型rpg-git\debug\iex_skinmesh.obj
c:\users\takayan\desktop\対戦型rpg-git\debug\iex_system.obj
c:\users\takayan\desktop\対戦型rpg-git\debug\iex_texture.obj
c:\users\takayan\desktop\対戦型rpg-git\debug\iex_view.obj
c:\users\takayan\desktop\対戦型rpg-git\debug\udpserver.obj
c:\users\takayan\desktop\対戦型rpg-git\debug\basechara.obj
c:\users\takayan\desktop\対戦型rpg-git\debug\enemy.obj
c:\users\takayan\desktop\対戦型rpg-git\debug\gameparam.obj
c:\users\takayan\desktop\対戦型rpg-git\debug\player.obj
c:\users\takayan\desktop\対戦型rpg-git\debug\playermanager.obj
c:\users\takayan\desktop\対戦型rpg-git\debug\singleton.obj
c:\users\takayan\desktop\対戦型rpg-git\debug\camera.obj
c:\users\takayan\desktop\対戦型rpg-git\debug\drawshape.obj
c:\users\takayan\desktop\対戦型rpg-git\debug\gamemanager.obj
c:\users\takayan\desktop\対戦型rpg-git\debug\globalfunction.obj
c:\users\takayan\desktop\対戦型rpg-git\debug\scenemain.obj
c:\users\takayan\desktop\対戦型rpg-git\debug\socketclient.obj
c:\users\takayan\desktop\対戦型rpg-git\debug\uimanager.obj
c:\users\takayan\desktop\対戦型rpg-git\debug\timerui.obj
c:\users\takayan\desktop\対戦型rpg-git\debug\iex2010.ilk
c:\users\takayan\desktop\対戦型rpg-git\debug\iex2010.exe
c:\users\takayan\desktop\対戦型rpg-git\debug\iex2010.exe.intermediate.manifest
c:\users\takayan\desktop\対戦型rpg-git\debug\iex2010.pdb
c:\users\takayan\desktop\対戦型rpg-git\debug\iex2010.exe.manifest
c:\users\takayan\desktop\対戦型rpg-git\debug\iex2010.tlog\cl.command.1.tlog
c:\users\takayan\desktop\対戦型rpg-git\debug\iex2010.tlog\cl.read.1.tlog
c:\users\takayan\desktop\対戦型rpg-git\debug\iex2010.tlog\cl.write.1.tlog
c:\users\takayan\desktop\対戦型rpg-git\debug\iex2010.tlog\link.8872.read.1.tlog
c:\users\takayan\desktop\対戦型rpg-git\debug\iex2010.tlog\link.8872.write.1.tlog
c:\users\takayan\desktop\対戦型rpg-git\debug\iex2010.tlog\link.command.1.tlog
c:\users\takayan\desktop\対戦型rpg-git\debug\iex2010.tlog\link.read.1.tlog
c:\users\takayan\desktop\対戦型rpg-git\debug\iex2010.tlog\link.write.1.tlog
c:\users\takayan\desktop\対戦型rpg-git\debug\iex2010.tlog\mt.command.1.tlog
c:\users\takayan\desktop\対戦型rpg-git\debug\iex2010.tlog\mt.read.1.tlog
c:\users\takayan\desktop\対戦型rpg-git\debug\iex2010.tlog\mt.write.1.tlog
