2016/10/21 14:41:20 にビルドを開始しました。
     1>ノード 2 上のプロジェクト "C:\Users\takayan\Desktop\対戦型RPG-Git\HuntingBrave_server\NetGame04.vcxproj" (Build ターゲット)。
     1>ClCompile:
         C:\Program Files (x86)\Microsoft Visual Studio 12.0\VC\bin\CL.exe /c /I./IEX /ZI /nologo /W3 /WX- /Od /Oy- /D WIN32 /D _DEBUG /D _CONSOLE /D _MBCS /Gm /EHsc /RTC1 /MDd /GS /fp:precise /Zc:wchar_t /Zc:forScope /Fo"Debug\\" /Fd"Debug\vc120.pdb" /Gd /TP /analyze- /errorReport:prompt Source\GameData.cpp Source\GameParam.cpp Source\IEX_RayMesh.cpp Source\Player.cpp Source\PlayerManager.cpp Source\sceneMain.cpp Source\stage.cpp Source\UDPServer.cpp
         UDPServer.cpp
         stage.cpp
         sceneMain.cpp
         PlayerManager.cpp
         Player.cpp
         IEX_RayMesh.cpp
         GameParam.cpp
         GameData.cpp
         コードを生成中...
       Link:
         C:\Program Files (x86)\Microsoft Visual Studio 12.0\VC\bin\link.exe /ERRORREPORT:PROMPT /OUT:"C:\Users\takayan\Desktop\対戦型RPG-Git\HuntingBrave_server\Debug\HuntingBrave_server.exe" /INCREMENTAL /NOLOGO kernel32.lib user32.lib gdi32.lib winspool.lib comdlg32.lib advapi32.lib shell32.lib ole32.lib oleaut32.lib uuid.lib odbc32.lib odbccp32.lib /NODEFAULTLIB:libcmt.lib /MANIFEST /MANIFESTUAC:"level='asInvoker' uiAccess='false'" /manifest:embed /DEBUG /PDB:"C:\Users\takayan\Desktop\対戦型RPG-Git\HuntingBrave_server\Debug\HuntingBrave_server.pdb" /SUBSYSTEM:CONSOLE /TLBID:1 /DYNAMICBASE /NXCOMPAT /IMPLIB:"C:\Users\takayan\Desktop\対戦型RPG-Git\HuntingBrave_server\Debug\HuntingBrave_server.lib" /MACHINE:X86 /SAFESEH:NO Debug\GameData.obj
         Debug\GameParam.obj
         Debug\IEX_RayMesh.obj
         Debug\Player.obj
         Debug\PlayerManager.obj
         Debug\sceneMain.obj
         Debug\stage.obj
         Debug\UDPServer.obj
         NetGame04.vcxproj -> C:\Users\takayan\Desktop\対戦型RPG-Git\HuntingBrave_server\Debug\HuntingBrave_server.exe
     1>プロジェクト "C:\Users\takayan\Desktop\対戦型RPG-Git\HuntingBrave_server\NetGame04.vcxproj" (Build ターゲット) のビルドが完了しました。

ビルドに成功しました。

経過時間 00:00:05.91
